#
# There is insufficient memory for the Java Runtime Environment to continue.
# Cannot create worker GC thread. Out of system resources.
# Possible reasons:
#   The system is out of physical RAM or swap space
#   The process is running with CompressedOops enabled, and the Java Heap may be blocking the growth of the native heap
# Possible solutions:
#   Reduce memory load on the system
#   Increase physical memory or swap space
#   Check if swap backing store is full
#   Decrease Java heap size (-Xmx/-Xms)
#   Decrease number of Java threads
#   Decrease Java thread stack sizes (-Xss)
#   Set larger code cache with -XX:ReservedCodeCacheSize=
#   JVM is running with Zero Based Compressed Oops mode in which the Java heap is
#     placed in the first 32GB address space. The Java Heap base address is the
#     maximum limit for the native heap growth. Please use -XX:HeapBaseMinAddress
#     to set the Java Heap base and to place the Java Heap above 32GB virtual address.
# This output file may be truncated or incomplete.
#
#  Out of Memory Error (workerManager.hpp:87), pid=52, tid=52
#
# JRE version:  (17.0.8.1+1) (build )
# Java VM: OpenJDK 64-Bit Server VM (17.0.8.1+1-Ubuntu-0ubuntu122.04, mixed mode, sharing, tiered, compressed oops, compressed class ptrs, g1 gc, linux-amd64)
# Core dump will be written. Default location: /storage1/fs1/dspencer/Active/spencerlab/mohamed/github/nf-core-wgsnano/core.52
#

---------------  S U M M A R Y ------------

Command Line: 

Host: Intel(R) Xeon(R) Gold 6242 CPU @ 2.80GHz, 32 cores, 46G, Ubuntu 22.04.3 LTS
Time: Tue Nov 21 17:37:55 2023 UTC elapsed time: 0.029770 seconds (0d 0h 0m 0s)

---------------  T H R E A D  ---------------

Current thread (0x0000564d49ff98e0):  JavaThread "Unknown thread" [_thread_in_vm, id=52, stack(0x00007ffd87f31000,0x00007ffd8872e000)]

Stack: [0x00007ffd87f31000,0x00007ffd8872e000],  sp=0x00007ffd887284b0,  free space=8157k
Native frames: (J=compiled Java code, j=interpreted, Vv=VM code, C=native code)
V  [libjvm.so+0xf560e5]  VMError::report_and_die(int, char const*, char const*, __va_list_tag*, Thread*, unsigned char*, void*, void*, char const*, int, unsigned long)+0x175
V  [libjvm.so+0xf56c51]  VMError::report_and_die(Thread*, char const*, int, unsigned long, VMErrorType, char const*, __va_list_tag*)+0x31
V  [libjvm.so+0x611430]  report_vm_out_of_memory(char const*, int, unsigned long, VMErrorType, char const*, ...)+0xe0
V  [libjvm.so+0xf8a09f]  WorkerManager::add_workers(WorkGang*, unsigned int, unsigned int, unsigned int, os::ThreadType, bool)+0x18f
V  [libjvm.so+0xf8a25d]  WorkGang::initialize_workers()+0x4d
V  [libjvm.so+0x6f90c1]  G1CollectedHeap::initialize()+0x6c1
V  [libjvm.so+0xf02846]  universe_init()+0xd6
V  [libjvm.so+0x80b03b]  init_globals()+0x3b
V  [libjvm.so+0xed94a6]  Threads::create_vm(JavaVMInitArgs*, bool*)+0x386
V  [libjvm.so+0x8d8e45]  JNI_CreateJavaVM+0x55
C  [libjli.so+0x3d43]  JavaMain+0x93
C  [libjli.so+0x8bc8]  CallJavaMainInNewThread+0x98
C  [libjli.so+0x5c81]  ContinueInNewThread+0x61
C  [libjli.so+0x72da]  JLI_Launch+0x144a
C  [java+0x12b4]


---------------  P R O C E S S  ---------------

Threads class SMR info:
_java_thread_list=0x00007f401fd94a40, length=0, elements={
}

Java Threads: ( => current thread )

Other Threads:

[error occurred during error reporting (printing all threads), id 0xb, SIGSEGV (0xb) at pc=0x00007f401f1029a4]

VM state: not at safepoint (not fully initialized)

VM Mutex/Monitor currently owned by a thread:  ([mutex/lock_event])
[0x0000564d49ff71d0] Heap_lock - owner thread: 0x0000564d49ff98e0

Heap address: 0x0000000512000000, size: 12000 MB, Compressed Oops mode: Zero based, Oop shift amount: 3

CDS archive(s) mapped at: [0x0000000000000000-0x0000000000000000-0x0000000000000000), size 0, SharedBaseAddress: 0x0000000800000000, ArchiveRelocationMode: 1.
Narrow klass base: 0x0000000000000000, Narrow klass shift: 0, Narrow klass range: 0x0

GC Precious Log:
<Empty>

Heap:
 garbage-first heap   total 0K, used 0K [0x0000000512000000, 0x0000000800000000)
  region size 8192K, 0 young (0K), 0 survivors (0K)

[error occurred during error reporting (printing heap information), id 0xb, SIGSEGV (0xb) at pc=0x00007f401f6d3d1e]

GC Heap History (0 events):
No events

Dll operation events (1 events):
Event: 0.003 Loaded shared library /usr/lib/jvm/java-17-openjdk-amd64/lib/libjava.so

Deoptimization events (0 events):
No events

Classes unloaded (0 events):
No events

Classes redefined (0 events):
No events

Internal exceptions (0 events):
No events

VM Operations (0 events):
No events

Events (1 events):
Event: 0.003 Protecting memory [0x00007ffd87f31000,0x00007ffd87f35000] with protection modes 0


Dynamic libraries:
512000000-800000000 ---p 00000000 00:00 0 
564d497e2000-564d497e3000 r--p 00000000 fd:00 421172336                  /usr/lib/jvm/java-17-openjdk-amd64/bin/java
564d497e3000-564d497e4000 r-xp 00001000 fd:00 421172336                  /usr/lib/jvm/java-17-openjdk-amd64/bin/java
564d497e4000-564d497e5000 r--p 00002000 fd:00 421172336                  /usr/lib/jvm/java-17-openjdk-amd64/bin/java
564d497e5000-564d497e6000 r--p 00002000 fd:00 421172336                  /usr/lib/jvm/java-17-openjdk-amd64/bin/java
564d497e6000-564d497e7000 rw-p 00003000 fd:00 421172336                  /usr/lib/jvm/java-17-openjdk-amd64/bin/java
564d49fbd000-564d4a049000 rw-p 00000000 00:00 0                          [heap]
7f3fe9e87000-7f3fea270000 rw-p 00000000 00:00 0 
7f3fea270000-7f3fea271000 ---p 00000000 00:00 0 
7f3fea271000-7f3fea48f000 rw-p 00000000 00:00 0 
7f3fea48f000-7f40061df000 ---p 00000000 00:00 0 
7f40061df000-7f4007959000 rw-p 00000000 00:00 0 
7f4007959000-7f4007a3d000 ---p 00000000 00:00 0 
7f4007a3d000-7f4007a42000 rw-p 00000000 00:00 0 
7f4007a42000-7f4007b26000 ---p 00000000 00:00 0 
7f4007b26000-7f4007b2b000 rw-p 00000000 00:00 0 
7f4007b2b000-7f4007b36000 ---p 00000000 00:00 0 
7f4007b36000-7f4007da6000 rwxp 00000000 00:00 0 
7f4007da6000-7f400ef4d000 ---p 00000000 00:00 0 
7f400ef4d000-7f400f1bd000 rwxp 00000000 00:00 0 
7f400f1bd000-7f400f71e000 ---p 00000000 00:00 0 
7f400f71e000-7f400f98e000 rwxp 00000000 00:00 0 
7f400f98e000-7f4016b36000 ---p 00000000 00:00 0 
7f4016b36000-7f4016b42000 r--p 00000000 fd:00 162809962                  /usr/lib/jvm/java-17-openjdk-amd64/lib/libjava.so
7f4016b42000-7f4016b55000 r-xp 0000c000 fd:00 162809962                  /usr/lib/jvm/java-17-openjdk-amd64/lib/libjava.so
7f4016b55000-7f4016b5b000 r--p 0001f000 fd:00 162809962                  /usr/lib/jvm/java-17-openjdk-amd64/lib/libjava.so
7f4016b5b000-7f4016b5c000 r--p 00024000 fd:00 162809962                  /usr/lib/jvm/java-17-openjdk-amd64/lib/libjava.so
7f4016b5c000-7f4016b5d000 rw-p 00025000 fd:00 162809962                  /usr/lib/jvm/java-17-openjdk-amd64/lib/libjava.so
7f4016b5d000-7f4016b5e000 rw-p 00000000 00:00 0 
7f4016b5e000-7f4016b66000 rw-s 00000000 fd:00 16751362                   /tmp/hsperfdata_mmohamed/52
7f4016b66000-7f401e5c1000 r--s 00000000 fd:00 162809986                  /usr/lib/jvm/java-17-openjdk-amd64/lib/modules
7f401e5c1000-7f401e5c3000 r--p 00000000 fd:00 162809966                  /usr/lib/jvm/java-17-openjdk-amd64/lib/libjimage.so
7f401e5c3000-7f401e5c6000 r-xp 00002000 fd:00 162809966                  /usr/lib/jvm/java-17-openjdk-amd64/lib/libjimage.so
7f401e5c6000-7f401e5c7000 r--p 00005000 fd:00 162809966                  /usr/lib/jvm/java-17-openjdk-amd64/lib/libjimage.so
7f401e5c7000-7f401e5c8000 ---p 00006000 fd:00 162809966                  /usr/lib/jvm/java-17-openjdk-amd64/lib/libjimage.so
7f401e5c8000-7f401e5c9000 r--p 00006000 fd:00 162809966                  /usr/lib/jvm/java-17-openjdk-amd64/lib/libjimage.so
7f401e5c9000-7f401e5ca000 rw-p 00007000 fd:00 162809966                  /usr/lib/jvm/java-17-openjdk-amd64/lib/libjimage.so
7f401e5ca000-7f401e6ca000 rw-p 00000000 00:00 0 
7f401e6ca000-7f401e6cd000 r--p 00000000 fd:00 162809040                  /usr/lib/x86_64-linux-gnu/libgcc_s.so.1
7f401e6cd000-7f401e6e4000 r-xp 00003000 fd:00 162809040                  /usr/lib/x86_64-linux-gnu/libgcc_s.so.1
7f401e6e4000-7f401e6e8000 r--p 0001a000 fd:00 162809040                  /usr/lib/x86_64-linux-gnu/libgcc_s.so.1
7f401e6e8000-7f401e6e9000 r--p 0001d000 fd:00 162809040                  /usr/lib/x86_64-linux-gnu/libgcc_s.so.1
7f401e6e9000-7f401e6ea000 rw-p 0001e000 fd:00 162809040                  /usr/lib/x86_64-linux-gnu/libgcc_s.so.1
7f401e6ea000-7f401e6f8000 r--p 00000000 fd:00 162809067                  /usr/lib/x86_64-linux-gnu/libm.so.6
7f401e6f8000-7f401e774000 r-xp 0000e000 fd:00 162809067                  /usr/lib/x86_64-linux-gnu/libm.so.6
7f401e774000-7f401e7cf000 r--p 0008a000 fd:00 162809067                  /usr/lib/x86_64-linux-gnu/libm.so.6
7f401e7cf000-7f401e7d0000 r--p 000e4000 fd:00 162809067                  /usr/lib/x86_64-linux-gnu/libm.so.6
7f401e7d0000-7f401e7d1000 rw-p 000e5000 fd:00 162809067                  /usr/lib/x86_64-linux-gnu/libm.so.6
7f401e7d1000-7f401e86b000 r--p 00000000 fd:00 162809124                  /usr/lib/x86_64-linux-gnu/libstdc++.so.6.0.30
7f401e86b000-7f401e97c000 r-xp 0009a000 fd:00 162809124                  /usr/lib/x86_64-linux-gnu/libstdc++.so.6.0.30
7f401e97c000-7f401e9eb000 r--p 001ab000 fd:00 162809124                  /usr/lib/x86_64-linux-gnu/libstdc++.so.6.0.30
7f401e9eb000-7f401e9ec000 ---p 0021a000 fd:00 162809124                  /usr/lib/x86_64-linux-gnu/libstdc++.so.6.0.30
7f401e9ec000-7f401e9f7000 r--p 0021a000 fd:00 162809124                  /usr/lib/x86_64-linux-gnu/libstdc++.so.6.0.30
7f401e9f7000-7f401e9fa000 rw-p 00225000 fd:00 162809124                  /usr/lib/x86_64-linux-gnu/libstdc++.so.6.0.30
7f401e9fa000-7f401e9fd000 rw-p 00000000 00:00 0 
7f401e9fd000-7f401ec4e000 r--p 00000000 fd:00 16100791                   /usr/lib/jvm/java-17-openjdk-amd64/lib/server/libjvm.so
7f401ec4e000-7f401f9d4000 r-xp 00251000 fd:00 16100791                   /usr/lib/jvm/java-17-openjdk-amd64/lib/server/libjvm.so
7f401f9d4000-7f401fc57000 r--p 00fd7000 fd:00 16100791                   /usr/lib/jvm/java-17-openjdk-amd64/lib/server/libjvm.so
7f401fc57000-7f401fc58000 ---p 0125a000 fd:00 16100791                   /usr/lib/jvm/java-17-openjdk-amd64/lib/server/libjvm.so
7f401fc58000-7f401fd10000 r--p 0125a000 fd:00 16100791                   /usr/lib/jvm/java-17-openjdk-amd64/lib/server/libjvm.so
7f401fd10000-7f401fd45000 rw-p 01312000 fd:00 16100791                   /usr/lib/jvm/java-17-openjdk-amd64/lib/server/libjvm.so
7f401fd45000-7f401fda1000 rw-p 00000000 00:00 0 
7f401fda1000-7f401fdc9000 r--p 00000000 fd:00 162809015                  /usr/lib/x86_64-linux-gnu/libc.so.6
7f401fdc9000-7f401ff5e000 r-xp 00028000 fd:00 162809015                  /usr/lib/x86_64-linux-gnu/libc.so.6
7f401ff5e000-7f401ffb6000 r--p 001bd000 fd:00 162809015                  /usr/lib/x86_64-linux-gnu/libc.so.6
7f401ffb6000-7f401ffba000 r--p 00214000 fd:00 162809015                  /usr/lib/x86_64-linux-gnu/libc.so.6
7f401ffba000-7f401ffbc000 rw-p 00218000 fd:00 162809015                  /usr/lib/x86_64-linux-gnu/libc.so.6
7f401ffbc000-7f401ffc9000 rw-p 00000000 00:00 0 
7f401ffc9000-7f401ffcb000 r--p 00000000 fd:00 162809967                  /usr/lib/jvm/java-17-openjdk-amd64/lib/libjli.so
7f401ffcb000-7f401ffd5000 r-xp 00002000 fd:00 162809967                  /usr/lib/jvm/java-17-openjdk-amd64/lib/libjli.so
7f401ffd5000-7f401ffd8000 r--p 0000c000 fd:00 162809967                  /usr/lib/jvm/java-17-openjdk-amd64/lib/libjli.so
7f401ffd8000-7f401ffd9000 r--p 0000e000 fd:00 162809967                  /usr/lib/jvm/java-17-openjdk-amd64/lib/libjli.so
7f401ffd9000-7f401ffda000 rw-p 0000f000 fd:00 162809967                  /usr/lib/jvm/java-17-openjdk-amd64/lib/libjli.so
7f401ffda000-7f401ffdc000 r--p 00000000 fd:00 162809146                  /usr/lib/x86_64-linux-gnu/libz.so.1.2.11
7f401ffdc000-7f401ffed000 r-xp 00002000 fd:00 162809146                  /usr/lib/x86_64-linux-gnu/libz.so.1.2.11
7f401ffed000-7f401fff3000 r--p 00013000 fd:00 162809146                  /usr/lib/x86_64-linux-gnu/libz.so.1.2.11
7f401fff3000-7f401fff4000 ---p 00019000 fd:00 162809146                  /usr/lib/x86_64-linux-gnu/libz.so.1.2.11
7f401fff4000-7f401fff5000 r--p 00019000 fd:00 162809146                  /usr/lib/x86_64-linux-gnu/libz.so.1.2.11
7f401fff5000-7f401fff6000 rw-p 0001a000 fd:00 162809146                  /usr/lib/x86_64-linux-gnu/libz.so.1.2.11
7f401fff8000-7f401fff9000 ---p 00000000 00:00 0 
7f401fff9000-7f401fffa000 r--p 00000000 00:00 0 
7f401fffa000-7f401fffc000 rw-p 00000000 00:00 0 
7f401fffc000-7f401fffe000 r--p 00000000 fd:00 162808997                  /usr/lib/x86_64-linux-gnu/ld-linux-x86-64.so.2
7f401fffe000-7f4020028000 r-xp 00002000 fd:00 162808997                  /usr/lib/x86_64-linux-gnu/ld-linux-x86-64.so.2
7f4020028000-7f4020033000 r--p 0002c000 fd:00 162808997                  /usr/lib/x86_64-linux-gnu/ld-linux-x86-64.so.2
7f4020033000-7f4020034000 ---p 00000000 00:00 0 
7f4020034000-7f4020036000 r--p 00037000 fd:00 162808997                  /usr/lib/x86_64-linux-gnu/ld-linux-x86-64.so.2
7f4020036000-7f4020038000 rw-p 00039000 fd:00 162808997                  /usr/lib/x86_64-linux-gnu/ld-linux-x86-64.so.2
7ffd87f31000-7ffd87f35000 ---p 00000000 00:00 0 
7ffd8870e000-7ffd88731000 rw-p 00000000 00:00 0                          [stack]
7ffd887a0000-7ffd887a2000 r-xp 00000000 00:00 0                          [vdso]
ffffffffff600000-ffffffffff601000 r-xp 00000000 00:00 0                  [vsyscall]


VM Arguments:
java_command: <unknown>
java_class_path (initial): <not set>
Launcher Type: SUN_STANDARD

[Global flags]
     intx CICompilerCount                          = 15                                        {product} {ergonomic}
     uint ConcGCThreads                            = 6                                         {product} {ergonomic}
     uint G1ConcRefinementThreads                  = 23                                        {product} {ergonomic}
   size_t G1HeapRegionSize                         = 8388608                                   {product} {ergonomic}
    uintx GCDrainStackTargetSize                   = 64                                        {product} {ergonomic}
   size_t InitialHeapSize                          = 788529152                                 {product} {ergonomic}
   size_t MarkStackSize                            = 4194304                                   {product} {ergonomic}
   size_t MaxHeapSize                              = 12582912000                               {product} {ergonomic}
   size_t MinHeapDeltaBytes                        = 8388608                                   {product} {ergonomic}
   size_t MinHeapSize                              = 8388608                                   {product} {ergonomic}
    uintx NonNMethodCodeHeapSize                   = 8192380                                {pd product} {ergonomic}
    uintx NonProfiledCodeHeapSize                  = 121732930                              {pd product} {ergonomic}
    uintx ProfiledCodeHeapSize                     = 121732930                              {pd product} {ergonomic}
    uintx ReservedCodeCacheSize                    = 251658240                              {pd product} {ergonomic}
     bool SegmentedCodeCache                       = true                                      {product} {ergonomic}
   size_t SoftMaxHeapSize                          = 12582912000                            {manageable} {ergonomic}
     bool UseCompressedClassPointers               = true                           {product lp64_product} {ergonomic}
     bool UseCompressedOops                        = true                           {product lp64_product} {ergonomic}
     bool UseG1GC                                  = true                                      {product} {ergonomic}

Logging:
Log output configuration:
 #0: stdout all=warning uptime,level,tags
 #1: stderr all=off uptime,level,tags

Environment Variables:
JAVA_HOME=/opt/ibm/jre
PATH=/storage1/fs1/dspencer/Active/spencerlab/mohamed/apps/rust/.cargo/bin:/storage1/fs1/dspencer/Active/spencerlab/mohamed/apps/aws-cli/v2/2.9.10/bin:/storage1/fs1/dspencer/Active/spencerlab/mohamed/apps/tw:/storage1/fs1/dspencer/Active/spencerlab/mohamed/apps/tw-agent:/opt/conda/bin:/opt/ibm/lsfsuite/lsf/10.1/linux2.6-glibc2.3-x86_64/bin:/storage1/fs1/dspencer/Active/spencerlab/mohamed/apps/tw:/storage1/fs1/dspencer/Active/spencerlab/mohamed/apps/tw-agent:/opt/conda/bin:/opt/ibm/lsfsuite/lsf/10.1/linux2.6-glibc2.3-x86_64/etc:/opt/ibm/lsfsuite/ext/ppm/10.2/bin:/opt/ibm/lsfsuite/ext/ppm/10.2/linux2.6-glibc2.3-x86_64/bin:/opt/ibm/jre/bin:/usr/lpp/mmfs/bin:/opt/thpc/bin:/rdcw/fs2/dspencer/Active/spencerlab/mohamed/apps/vscode/.vscode-server/bin/1a5daa3a0231a0fbba4f14db7ec463cf99d7768e/bin/remote-cli:/home/mmohamed/.cargo/bin:/storage1/fs1/dspencer/Active/spencerlab/mohamed/apps/rust/.cargo/bin:/storage1/fs1/dspencer/Active/spencerlab/mohamed/apps/aws-cli/v2/2.9.10/bin:/storage1/fs1/dspencer/Active/spencerlab/mohamed/apps/tw:/storage1/fs1/dspencer/Active/spencerlab/mohamed/apps/tw-agent:/opt/conda/bin:/opt/ibm/lsfsuite/ext/ppm/10.2/bin:/opt/ibm/lsfsuite/ext/ppm/10.2/linux2.6-glibc2.3-x86_64/bin:/opt/ibm/jre/bin:/usr/lpp/mmfs/bin:/opt/thpc/bin:/usr/local/bin:/usr/bin:/usr/local/sbin:/usr/sbin:/bin:/usr/bin:/bin:/home/mmohamed/.local/bin:/home/mmohamed/bin:/bin:/usr/bin:/bin:/home/mmohamed/.local/bin:/home/mmohamed/bin
USERNAME=mmohamed
SHELL=/bin/bash
HOSTTYPE=X86_64
LANG=en_US.UTF-8
TERM=xterm-256color
TMPDIR=/tmp/444113.tmpdir

Active Locale:
LC_ALL=C
LC_COLLATE=C
LC_CTYPE=C
LC_MESSAGES=C
LC_MONETARY=C
LC_NUMERIC=C
LC_TIME=C

Signal Handlers:
   SIGSEGV: crash_handler in libjvm.so, mask=11100100010111111101111111111110, flags=SA_RESTART|SA_SIGINFO, unblocked
    SIGBUS: crash_handler in libjvm.so, mask=11100100010111111101111111111110, flags=SA_RESTART|SA_SIGINFO, unblocked
    SIGFPE: crash_handler in libjvm.so, mask=11100100010111111101111111111110, flags=SA_RESTART|SA_SIGINFO, unblocked
   SIGPIPE: javaSignalHandler in libjvm.so, mask=11100100010111111101111111111110, flags=SA_RESTART|SA_SIGINFO, blocked
   SIGXFSZ: javaSignalHandler in libjvm.so, mask=11100100010111111101111111111110, flags=SA_RESTART|SA_SIGINFO, blocked
    SIGILL: crash_handler in libjvm.so, mask=11100100010111111101111111111110, flags=SA_RESTART|SA_SIGINFO, unblocked
   SIGUSR2: SR_handler in libjvm.so, mask=00000000000000000000000000000000, flags=SA_RESTART|SA_SIGINFO, blocked
    SIGHUP: SIG_DFL, mask=00000000000000000000000000000000, flags=none, blocked
    SIGINT: SIG_DFL, mask=00000000000000000000000000000000, flags=none, blocked
   SIGTERM: SIG_DFL, mask=00000000000000000000000000000000, flags=none, blocked
   SIGQUIT: UserHandler in libjvm.so, mask=11100100010111111101111111111110, flags=SA_RESTART|SA_SIGINFO, blocked
   SIGTRAP: crash_handler in libjvm.so, mask=11100100010111111101111111111110, flags=SA_RESTART|SA_SIGINFO, unblocked


---------------  S Y S T E M  ---------------

OS:
DISTRIB_ID=Ubuntu
DISTRIB_RELEASE=22.04
DISTRIB_CODENAME=jammy
DISTRIB_DESCRIPTION="Ubuntu 22.04.3 LTS"
uname: Linux 3.10.0-1160.53.1.el7.x86_64 #1 SMP Thu Dec 16 10:19:28 UTC 2021 x86_64
OS uptime: 256 days 7:02 hours
libc: glibc 2.35 NPTL 2.35 
rlimit (soft/hard): STACK 8192k/infinity , CORE infinity/infinity , NPROC infinity/infinity , NOFILE 1048576/1048576 , AS infinity/infinity , CPU infinity/infinity , DATA infinity/infinity , FSIZE infinity/infinity , MEMLOCK infinity/infinity
load average: 0.18 0.22 0.38

/proc/meminfo:
MemTotal:       394630832 kB
MemFree:        310974352 kB
MemAvailable:   338884188 kB
Buffers:            9160 kB
Cached:         23215108 kB
SwapCached:        34544 kB
Active:         16333648 kB
Inactive:       17659580 kB
Active(anon):   11907496 kB
Inactive(anon):  3123952 kB
Active(file):    4426152 kB
Inactive(file): 14535628 kB
Unevictable:    31457280 kB
Mlocked:        31457280 kB
SwapTotal:       1048572 kB
SwapFree:         961084 kB
Dirty:                44 kB
Writeback:             0 kB
AnonPages:      42194016 kB
Mapped:           838820 kB
Shmem:           4262488 kB
Slab:           11608664 kB
SReclaimable:    9879376 kB
SUnreclaim:      1729288 kB
KernelStack:       44464 kB
PageTables:       104852 kB
NFS_Unstable:          0 kB
Bounce:                0 kB
WritebackTmp:          0 kB
CommitLimit:    198363988 kB
Committed_AS:   55939304 kB
VmallocTotal:   34359738367 kB
VmallocUsed:     1725496 kB
VmallocChunk:   34055980748 kB
Percpu:           169984 kB
HardwareCorrupted:     0 kB
AnonHugePages:  37322752 kB
CmaTotal:              0 kB
CmaFree:               0 kB
HugePages_Total:       0
HugePages_Free:        0
HugePages_Rsvd:        0
HugePages_Surp:        0
Hugepagesize:       2048 kB
DirectMap4k:     2610860 kB
DirectMap2M:    209858560 kB
DirectMap1G:    190840832 kB

/sys/kernel/mm/transparent_hugepage/enabled: [always] madvise never
/sys/kernel/mm/transparent_hugepage/defrag (defrag/compaction efforts parameter): [always] madvise never

Process Memory:
Virtual Size: 13175204K (peak: 13175204K)
Resident Set Size: 13032K (peak: 13032K) (anon: 6364K, file: 6668K, shmem: 0K)
Swapped out: 0K
C-Heap outstanding allocations: 28692K, retained: 79K
glibc malloc tunables: (default)

/proc/sys/kernel/threads-max (system-wide limit on the number of threads): 3082856
/proc/sys/vm/max_map_count (maximum number of memory map areas a process may have): 1048480
/proc/sys/kernel/pid_max (system-wide limit on number of process identifiers): 262144

container (cgroup) information:
container_type: cgroupv1
cpu_cpuset_cpus: 0-31
cpu_memory_nodes: 0-3
active_processor_count: 32
cpu_quota: no quota
cpu_period: 100000
cpu_shares: 24
memory_limit_in_bytes: 49152000 k
memory_and_swap_limit_in_bytes: unlimited
memory_soft_limit_in_bytes: unlimited
memory_usage_in_bytes: 8336 k
memory_max_usage_in_bytes: 8636 k
kernel_memory_usage_in_bytes: unlimited
kernel_memory_max_usage_in_bytes: unlimited
kernel_memory_limit_in_bytes: unlimited
maximum number of tasks: unlimited
current number of tasks: 5

Steal ticks since vm start: 0
Steal ticks percentage since vm start:  0.000

CPU: total 32 (initial active 32) (16 cores per cpu, 2 threads per core) family 6 model 85 stepping 7 microcode 0x5003103, cx8, cmov, fxsr, ht, mmx, 3dnowpref, sse, sse2, sse3, ssse3, sse4.1, sse4.2, popcnt, lzcnt, tsc, tscinvbit, avx, avx2, aes, erms, clmul, bmi1, bmi2, rtm, adx, avx512f, avx512dq, avx512cd, avx512bw, avx512vl, fma, vzeroupper, avx512_vnni, clflush, clflushopt, clwb
CPU Model and flags from /proc/cpuinfo:
model name	: Intel(R) Xeon(R) Gold 6242 CPU @ 2.80GHz
flags		: fpu vme de pse tsc msr pae mce cx8 apic sep mtrr pge mca cmov pat pse36 clflush dts acpi mmx fxsr sse sse2 ss ht tm pbe syscall nx pdpe1gb rdtscp lm constant_tsc art arch_perfmon pebs bts rep_good nopl xtopology nonstop_tsc aperfmperf eagerfpu pni pclmulqdq dtes64 monitor ds_cpl vmx smx est tm2 ssse3 sdbg fma cx16 xtpr pdcm pcid dca sse4_1 sse4_2 x2apic movbe popcnt tsc_deadline_timer aes xsave avx f16c rdrand lahf_lm abm 3dnowprefetch epb cat_l3 cdp_l3 invpcid_single intel_ppin intel_pt ssbd mba ibrs ibpb stibp ibrs_enhanced tpr_shadow vnmi flexpriority ept vpid fsgsbase tsc_adjust bmi1 hle avx2 smep bmi2 erms invpcid rtm cqm mpx rdt_a avx512f avx512dq rdseed adx smap clflushopt clwb avx512cd avx512bw avx512vl xsaveopt xsavec xgetbv1 cqm_llc cqm_occup_llc cqm_mbm_total cqm_mbm_local dtherm ida arat pln pts pku ospke avx512_vnni md_clear spec_ctrl intel_stibp flush_l1d arch_capabilities

Online cpus: 0-31
Offline cpus: 32-255
BIOS frequency limitation: <Not Available>
Frequency switch latency (ns): 4294967295
Available cpu frequencies: <Not Available>
Current governor: performance
Core performance/turbo boost: <Not Available>

Memory: 4k page, physical 49152000k(49143664k free), swap 1048572k(961084k free)
Page Sizes: 4k

vm_info: OpenJDK 64-Bit Server VM (17.0.8.1+1-Ubuntu-0ubuntu122.04) for linux-amd64 JRE (17.0.8.1+1-Ubuntu-0ubuntu122.04), built on Aug 24 2023 23:23:28 by "buildd" with gcc 11.4.0

END.
